TN:
SF:/Users/kwambui/Desktop/david/vue-karma-test/src/components/HelloWorld.vue
FNF:0
FNH:0
DA:90,1
LF:1
LH:1
BRF:0
BRH:0
end_of_record
TN:
SF:/Users/kwambui/Desktop/david/vue-karma-test/src/components/List.vue
FNF:0
FNH:0
DA:16,1
LF:1
LH:1
BRF:0
BRH:0
end_of_record
TN:
SF:/Users/kwambui/Desktop/david/vue-karma-test/src/App.vue
FNF:0
FNH:0
LF:0
LH:0
BRF:0
BRH:0
end_of_record
TN:
SF:/Users/kwambui/Desktop/david/vue-karma-test/src/router/index.js
FNF:0
FNH:0
DA:6,1
LF:1
LH:1
BRF:0
BRH:0
end_of_record
